{"/home/oshinka/Documents/node-course/nsbm-api/app.js": {"path":"/home/oshinka/Documents/node-course/nsbm-api/app.js","statementMap":{"0":{"start":{"line":1,"column":0},"end":{"line":1,"column":33}},"1":{"start":{"line":2,"column":18},"end":{"line":2,"column":40}},"2":{"start":{"line":3,"column":14},"end":{"line":3,"column":32}},"3":{"start":{"line":4,"column":11},"end":{"line":4,"column":26}},"4":{"start":{"line":5,"column":19},"end":{"line":5,"column":43}},"5":{"start":{"line":6,"column":13},"end":{"line":6,"column":30}},"6":{"start":{"line":7,"column":11},"end":{"line":7,"column":26}},"7":{"start":{"line":8,"column":16},"end":{"line":8,"column":45}},"8":{"start":{"line":10,"column":18},"end":{"line":10,"column":43}},"9":{"start":{"line":11,"column":21},"end":{"line":11,"column":49}},"10":{"start":{"line":12,"column":22},"end":{"line":12,"column":51}},"11":{"start":{"line":13,"column":21},"end":{"line":13,"column":49}},"12":{"start":{"line":14,"column":21},"end":{"line":14,"column":49}},"13":{"start":{"line":15,"column":18},"end":{"line":15,"column":50}},"14":{"start":{"line":16,"column":13},"end":{"line":16,"column":44}},"15":{"start":{"line":17,"column":10},"end":{"line":17,"column":42}},"16":{"start":{"line":18,"column":24},"end":{"line":18,"column":55}},"17":{"start":{"line":19,"column":19},"end":{"line":19,"column":43}},"18":{"start":{"line":20,"column":21},"end":{"line":20,"column":41}},"19":{"start":{"line":22,"column":10},"end":{"line":22,"column":19}},"20":{"start":{"line":25,"column":0},"end":{"line":25,"column":48}},"21":{"start":{"line":26,"column":0},"end":{"line":26,"column":31}},"22":{"start":{"line":28,"column":0},"end":{"line":28,"column":23}},"23":{"start":{"line":29,"column":0},"end":{"line":29,"column":24}},"24":{"start":{"line":30,"column":0},"end":{"line":30,"column":16}},"25":{"start":{"line":31,"column":0},"end":{"line":31,"column":49}},"26":{"start":{"line":32,"column":0},"end":{"line":32,"column":24}},"27":{"start":{"line":33,"column":0},"end":{"line":33,"column":56}},"28":{"start":{"line":35,"column":0},"end":{"line":35,"column":26}},"29":{"start":{"line":36,"column":0},"end":{"line":36,"column":37}},"30":{"start":{"line":37,"column":0},"end":{"line":37,"column":39}},"31":{"start":{"line":38,"column":0},"end":{"line":38,"column":37}},"32":{"start":{"line":39,"column":0},"end":{"line":39,"column":37}},"33":{"start":{"line":40,"column":0},"end":{"line":40,"column":43}},"34":{"start":{"line":41,"column":0},"end":{"line":41,"column":33}},"35":{"start":{"line":42,"column":0},"end":{"line":42,"column":27}},"36":{"start":{"line":43,"column":0},"end":{"line":43,"column":21}},"37":{"start":{"line":46,"column":20},"end":{"line":46,"column":48}},"38":{"start":{"line":47,"column":0},"end":{"line":47,"column":68}},"39":{"start":{"line":50,"column":0},"end":{"line":52,"column":3}},"40":{"start":{"line":51,"column":2},"end":{"line":51,"column":25}},"41":{"start":{"line":55,"column":0},"end":{"line":63,"column":3}},"42":{"start":{"line":57,"column":2},"end":{"line":57,"column":35}},"43":{"start":{"line":58,"column":2},"end":{"line":58,"column":69}},"44":{"start":{"line":61,"column":2},"end":{"line":61,"column":32}},"45":{"start":{"line":62,"column":2},"end":{"line":62,"column":22}},"46":{"start":{"line":65,"column":0},"end":{"line":65,"column":21}}},"fnMap":{"0":{"name":"(anonymous_0)","decl":{"start":{"line":50,"column":8},"end":{"line":50,"column":9}},"loc":{"start":{"line":50,"column":33},"end":{"line":52,"column":1}},"line":50},"1":{"name":"(anonymous_1)","decl":{"start":{"line":55,"column":8},"end":{"line":55,"column":9}},"loc":{"start":{"line":55,"column":38},"end":{"line":63,"column":1}},"line":55}},"branchMap":{"0":{"loc":{"start":{"line":58,"column":21},"end":{"line":58,"column":68}},"type":"cond-expr","locations":[{"start":{"line":58,"column":60},"end":{"line":58,"column":63}},{"start":{"line":58,"column":66},"end":{"line":58,"column":68}}],"line":58},"1":{"loc":{"start":{"line":61,"column":13},"end":{"line":61,"column":30}},"type":"binary-expr","locations":[{"start":{"line":61,"column":13},"end":{"line":61,"column":23}},{"start":{"line":61,"column":27},"end":{"line":61,"column":30}}],"line":61}},"s":{"0":1,"1":1,"2":1,"3":1,"4":1,"5":1,"6":1,"7":1,"8":1,"9":1,"10":1,"11":1,"12":1,"13":1,"14":1,"15":1,"16":1,"17":1,"18":1,"19":1,"20":1,"21":1,"22":1,"23":1,"24":1,"25":1,"26":1,"27":1,"28":1,"29":1,"30":1,"31":1,"32":1,"33":1,"34":1,"35":1,"36":1,"37":1,"38":1,"39":1,"40":0,"41":1,"42":0,"43":0,"44":0,"45":0,"46":1},"f":{"0":0,"1":0},"b":{"0":[0,0],"1":[0,0]},"_coverageSchema":"1a1c01bbd47fc00a2c39e90264f33305004495a9","hash":"3f70d96d95492ed27388a59555165333d1ec42a4"}
,"/home/oshinka/Documents/node-course/nsbm-api/pdfGenerator.js": {"path":"/home/oshinka/Documents/node-course/nsbm-api/pdfGenerator.js","statementMap":{"0":{"start":{"line":1,"column":20},"end":{"line":1,"column":37}},"1":{"start":{"line":3,"column":0},"end":{"line":39,"column":1}},"2":{"start":{"line":5,"column":15},"end":{"line":5,"column":30}},"3":{"start":{"line":7,"column":3},"end":{"line":11,"column":5}},"4":{"start":{"line":14,"column":3},"end":{"line":16,"column":6}},"5":{"start":{"line":19,"column":3},"end":{"line":20,"column":41}},"6":{"start":{"line":22,"column":3},"end":{"line":23,"column":55}},"7":{"start":{"line":25,"column":3},"end":{"line":26,"column":60}},"8":{"start":{"line":28,"column":3},"end":{"line":29,"column":60}},"9":{"start":{"line":31,"column":3},"end":{"line":33,"column":6}},"10":{"start":{"line":36,"column":3},"end":{"line":36,"column":13}},"11":{"start":{"line":38,"column":3},"end":{"line":38,"column":14}}},"fnMap":{"0":{"name":"(anonymous_0)","decl":{"start":{"line":3,"column":17},"end":{"line":3,"column":18}},"loc":{"start":{"line":3,"column":33},"end":{"line":39,"column":1}},"line":3}},"branchMap":{},"s":{"0":1,"1":1,"2":0,"3":0,"4":0,"5":0,"6":0,"7":0,"8":0,"9":0,"10":0,"11":0},"f":{"0":0},"b":{},"_coverageSchema":"1a1c01bbd47fc00a2c39e90264f33305004495a9","hash":"1c0cdc8ffada47a986c0dd73fd16432818580e74"}
,"/home/oshinka/Documents/node-course/nsbm-api/swagger.js": {"path":"/home/oshinka/Documents/node-course/nsbm-api/swagger.js","statementMap":{"0":{"start":{"line":1,"column":18},"end":{"line":1,"column":56}},"1":{"start":{"line":3,"column":23},"end":{"line":439,"column":3}},"2":{"start":{"line":441,"column":2},"end":{"line":441,"column":34}}},"fnMap":{},"branchMap":{},"s":{"0":1,"1":1,"2":1},"f":{},"b":{},"_coverageSchema":"1a1c01bbd47fc00a2c39e90264f33305004495a9","hash":"2c895b963a14b3e5c839f6e41bf15b2f2e089dbe"}
,"/home/oshinka/Documents/node-course/nsbm-api/database/connection.js": {"path":"/home/oshinka/Documents/node-course/nsbm-api/database/connection.js","statementMap":{"0":{"start":{"line":1,"column":17},"end":{"line":1,"column":36}},"1":{"start":{"line":2,"column":15},"end":{"line":2,"column":32}},"2":{"start":{"line":4,"column":0},"end":{"line":4,"column":16}},"3":{"start":{"line":6,"column":0},"end":{"line":6,"column":110}}},"fnMap":{},"branchMap":{},"s":{"0":1,"1":1,"2":1,"3":1},"f":{},"b":{},"_coverageSchema":"1a1c01bbd47fc00a2c39e90264f33305004495a9","hash":"4970d417d4d0dca758c133cca8a2728958e4551b"}
,"/home/oshinka/Documents/node-course/nsbm-api/database/models/lecturers.js": {"path":"/home/oshinka/Documents/node-course/nsbm-api/database/models/lecturers.js","statementMap":{"0":{"start":{"line":1,"column":17},"end":{"line":1,"column":36}},"1":{"start":{"line":2,"column":18},"end":{"line":2,"column":38}},"2":{"start":{"line":3,"column":15},"end":{"line":3,"column":34}},"3":{"start":{"line":4,"column":12},"end":{"line":4,"column":35}},"4":{"start":{"line":6,"column":23},"end":{"line":49,"column":2}},"5":{"start":{"line":17,"column":12},"end":{"line":18,"column":58}},"6":{"start":{"line":18,"column":16},"end":{"line":18,"column":58}},"7":{"start":{"line":26,"column":12},"end":{"line":27,"column":49}},"8":{"start":{"line":27,"column":16},"end":{"line":27,"column":49}},"9":{"start":{"line":51,"column":0},"end":{"line":57,"column":1}},"10":{"start":{"line":52,"column":21},"end":{"line":52,"column":25}},"11":{"start":{"line":53,"column":18},"end":{"line":53,"column":79}},"12":{"start":{"line":54,"column":4},"end":{"line":54,"column":56}},"13":{"start":{"line":55,"column":4},"end":{"line":55,"column":26}},"14":{"start":{"line":56,"column":4},"end":{"line":56,"column":17}},"15":{"start":{"line":59,"column":0},"end":{"line":71,"column":1}},"16":{"start":{"line":60,"column":4},"end":{"line":70,"column":5}},"17":{"start":{"line":61,"column":25},"end":{"line":61,"column":59}},"18":{"start":{"line":62,"column":8},"end":{"line":63,"column":30}},"19":{"start":{"line":63,"column":12},"end":{"line":63,"column":30}},"20":{"start":{"line":64,"column":24},"end":{"line":64,"column":73}},"21":{"start":{"line":65,"column":8},"end":{"line":66,"column":30}},"22":{"start":{"line":66,"column":12},"end":{"line":66,"column":30}},"23":{"start":{"line":67,"column":8},"end":{"line":67,"column":24}},"24":{"start":{"line":69,"column":8},"end":{"line":69,"column":45}},"25":{"start":{"line":73,"column":0},"end":{"line":79,"column":2}},"26":{"start":{"line":74,"column":21},"end":{"line":74,"column":25}},"27":{"start":{"line":75,"column":4},"end":{"line":77,"column":5}},"28":{"start":{"line":76,"column":8},"end":{"line":76,"column":68}},"29":{"start":{"line":78,"column":4},"end":{"line":78,"column":11}},"30":{"start":{"line":81,"column":18},"end":{"line":81,"column":61}},"31":{"start":{"line":83,"column":0},"end":{"line":83,"column":27}}},"fnMap":{"0":{"name":"(anonymous_0)","decl":{"start":{"line":16,"column":8},"end":{"line":16,"column":9}},"loc":{"start":{"line":16,"column":23},"end":{"line":19,"column":9}},"line":16},"1":{"name":"(anonymous_1)","decl":{"start":{"line":25,"column":8},"end":{"line":25,"column":9}},"loc":{"start":{"line":25,"column":23},"end":{"line":28,"column":9}},"line":25},"2":{"name":"(anonymous_2)","decl":{"start":{"line":51,"column":43},"end":{"line":51,"column":44}},"loc":{"start":{"line":51,"column":61},"end":{"line":57,"column":1}},"line":51},"3":{"name":"(anonymous_3)","decl":{"start":{"line":59,"column":43},"end":{"line":59,"column":44}},"loc":{"start":{"line":59,"column":70},"end":{"line":71,"column":1}},"line":59},"4":{"name":"(anonymous_4)","decl":{"start":{"line":73,"column":27},"end":{"line":73,"column":28}},"loc":{"start":{"line":73,"column":49},"end":{"line":79,"column":1}},"line":73}},"branchMap":{"0":{"loc":{"start":{"line":17,"column":12},"end":{"line":18,"column":58}},"type":"if","locations":[{"start":{"line":17,"column":12},"end":{"line":18,"column":58}},{"start":{"line":17,"column":12},"end":{"line":18,"column":58}}],"line":17},"1":{"loc":{"start":{"line":26,"column":12},"end":{"line":27,"column":49}},"type":"if","locations":[{"start":{"line":26,"column":12},"end":{"line":27,"column":49}},{"start":{"line":26,"column":12},"end":{"line":27,"column":49}}],"line":26},"2":{"loc":{"start":{"line":62,"column":8},"end":{"line":63,"column":30}},"type":"if","locations":[{"start":{"line":62,"column":8},"end":{"line":63,"column":30}},{"start":{"line":62,"column":8},"end":{"line":63,"column":30}}],"line":62},"3":{"loc":{"start":{"line":65,"column":8},"end":{"line":66,"column":30}},"type":"if","locations":[{"start":{"line":65,"column":8},"end":{"line":66,"column":30}},{"start":{"line":65,"column":8},"end":{"line":66,"column":30}}],"line":65},"4":{"loc":{"start":{"line":75,"column":4},"end":{"line":77,"column":5}},"type":"if","locations":[{"start":{"line":75,"column":4},"end":{"line":77,"column":5}},{"start":{"line":75,"column":4},"end":{"line":77,"column":5}}],"line":75}},"s":{"0":1,"1":1,"2":1,"3":1,"4":1,"5":0,"6":0,"7":0,"8":0,"9":1,"10":0,"11":0,"12":0,"13":0,"14":0,"15":1,"16":0,"17":0,"18":0,"19":0,"20":0,"21":0,"22":0,"23":0,"24":0,"25":1,"26":0,"27":0,"28":0,"29":0,"30":1,"31":1},"f":{"0":0,"1":0,"2":0,"3":0,"4":0},"b":{"0":[0,0],"1":[0,0],"2":[0,0],"3":[0,0],"4":[0,0]},"_coverageSchema":"1a1c01bbd47fc00a2c39e90264f33305004495a9","hash":"cfb5eb38ebccfbddb6ed5a5cc3d6bff7ac633029"}
,"/home/oshinka/Documents/node-course/nsbm-api/database/models/payments.js": {"path":"/home/oshinka/Documents/node-course/nsbm-api/database/models/payments.js","statementMap":{"0":{"start":{"line":1,"column":17},"end":{"line":1,"column":36}},"1":{"start":{"line":2,"column":18},"end":{"line":2,"column":38}},"2":{"start":{"line":3,"column":15},"end":{"line":3,"column":32}},"3":{"start":{"line":5,"column":0},"end":{"line":5,"column":16}},"4":{"start":{"line":7,"column":22},"end":{"line":35,"column":2}},"5":{"start":{"line":18,"column":12},"end":{"line":19,"column":49}},"6":{"start":{"line":19,"column":16},"end":{"line":19,"column":49}},"7":{"start":{"line":37,"column":17},"end":{"line":37,"column":58}},"8":{"start":{"line":39,"column":0},"end":{"line":39,"column":26}}},"fnMap":{"0":{"name":"(anonymous_0)","decl":{"start":{"line":17,"column":8},"end":{"line":17,"column":9}},"loc":{"start":{"line":17,"column":23},"end":{"line":20,"column":9}},"line":17}},"branchMap":{"0":{"loc":{"start":{"line":18,"column":12},"end":{"line":19,"column":49}},"type":"if","locations":[{"start":{"line":18,"column":12},"end":{"line":19,"column":49}},{"start":{"line":18,"column":12},"end":{"line":19,"column":49}}],"line":18}},"s":{"0":1,"1":1,"2":1,"3":1,"4":1,"5":0,"6":0,"7":1,"8":1},"f":{"0":0},"b":{"0":[0,0]},"_coverageSchema":"1a1c01bbd47fc00a2c39e90264f33305004495a9","hash":"860b66bc37ae18fa394faa6d7afa48fd9a541992"}
,"/home/oshinka/Documents/node-course/nsbm-api/database/models/students.js": {"path":"/home/oshinka/Documents/node-course/nsbm-api/database/models/students.js","statementMap":{"0":{"start":{"line":1,"column":17},"end":{"line":1,"column":36}},"1":{"start":{"line":2,"column":18},"end":{"line":2,"column":38}},"2":{"start":{"line":3,"column":15},"end":{"line":3,"column":34}},"3":{"start":{"line":4,"column":12},"end":{"line":4,"column":35}},"4":{"start":{"line":5,"column":15},"end":{"line":5,"column":32}},"5":{"start":{"line":7,"column":0},"end":{"line":7,"column":16}},"6":{"start":{"line":9,"column":22},"end":{"line":64,"column":2}},"7":{"start":{"line":34,"column":12},"end":{"line":35,"column":49}},"8":{"start":{"line":35,"column":16},"end":{"line":35,"column":49}},"9":{"start":{"line":66,"column":0},"end":{"line":72,"column":1}},"10":{"start":{"line":67,"column":20},"end":{"line":67,"column":24}},"11":{"start":{"line":68,"column":18},"end":{"line":68,"column":91}},"12":{"start":{"line":69,"column":4},"end":{"line":69,"column":54}},"13":{"start":{"line":70,"column":4},"end":{"line":70,"column":25}},"14":{"start":{"line":71,"column":4},"end":{"line":71,"column":17}},"15":{"start":{"line":74,"column":0},"end":{"line":86,"column":1}},"16":{"start":{"line":75,"column":4},"end":{"line":85,"column":5}},"17":{"start":{"line":76,"column":24},"end":{"line":76,"column":57}},"18":{"start":{"line":77,"column":8},"end":{"line":78,"column":30}},"19":{"start":{"line":78,"column":12},"end":{"line":78,"column":30}},"20":{"start":{"line":79,"column":24},"end":{"line":79,"column":72}},"21":{"start":{"line":80,"column":8},"end":{"line":81,"column":30}},"22":{"start":{"line":81,"column":12},"end":{"line":81,"column":30}},"23":{"start":{"line":82,"column":8},"end":{"line":82,"column":23}},"24":{"start":{"line":84,"column":8},"end":{"line":84,"column":44}},"25":{"start":{"line":88,"column":0},"end":{"line":94,"column":2}},"26":{"start":{"line":89,"column":20},"end":{"line":89,"column":24}},"27":{"start":{"line":90,"column":4},"end":{"line":92,"column":5}},"28":{"start":{"line":91,"column":8},"end":{"line":91,"column":66}},"29":{"start":{"line":93,"column":4},"end":{"line":93,"column":11}},"30":{"start":{"line":96,"column":17},"end":{"line":96,"column":58}},"31":{"start":{"line":98,"column":0},"end":{"line":98,"column":26}}},"fnMap":{"0":{"name":"(anonymous_0)","decl":{"start":{"line":33,"column":8},"end":{"line":33,"column":9}},"loc":{"start":{"line":33,"column":23},"end":{"line":36,"column":9}},"line":33},"1":{"name":"(anonymous_1)","decl":{"start":{"line":66,"column":42},"end":{"line":66,"column":43}},"loc":{"start":{"line":66,"column":60},"end":{"line":72,"column":1}},"line":66},"2":{"name":"(anonymous_2)","decl":{"start":{"line":74,"column":42},"end":{"line":74,"column":43}},"loc":{"start":{"line":74,"column":69},"end":{"line":86,"column":1}},"line":74},"3":{"name":"(anonymous_3)","decl":{"start":{"line":88,"column":26},"end":{"line":88,"column":27}},"loc":{"start":{"line":88,"column":48},"end":{"line":94,"column":1}},"line":88}},"branchMap":{"0":{"loc":{"start":{"line":34,"column":12},"end":{"line":35,"column":49}},"type":"if","locations":[{"start":{"line":34,"column":12},"end":{"line":35,"column":49}},{"start":{"line":34,"column":12},"end":{"line":35,"column":49}}],"line":34},"1":{"loc":{"start":{"line":77,"column":8},"end":{"line":78,"column":30}},"type":"if","locations":[{"start":{"line":77,"column":8},"end":{"line":78,"column":30}},{"start":{"line":77,"column":8},"end":{"line":78,"column":30}}],"line":77},"2":{"loc":{"start":{"line":80,"column":8},"end":{"line":81,"column":30}},"type":"if","locations":[{"start":{"line":80,"column":8},"end":{"line":81,"column":30}},{"start":{"line":80,"column":8},"end":{"line":81,"column":30}}],"line":80},"3":{"loc":{"start":{"line":90,"column":4},"end":{"line":92,"column":5}},"type":"if","locations":[{"start":{"line":90,"column":4},"end":{"line":92,"column":5}},{"start":{"line":90,"column":4},"end":{"line":92,"column":5}}],"line":90}},"s":{"0":1,"1":1,"2":1,"3":1,"4":1,"5":1,"6":1,"7":6,"8":0,"9":1,"10":3,"11":3,"12":3,"13":3,"14":3,"15":1,"16":1,"17":1,"18":1,"19":0,"20":1,"21":1,"22":0,"23":1,"24":0,"25":1,"26":6,"27":6,"28":5,"29":6,"30":1,"31":1},"f":{"0":6,"1":3,"2":1,"3":6},"b":{"0":[0,6],"1":[0,1],"2":[0,1],"3":[5,1]},"_coverageSchema":"1a1c01bbd47fc00a2c39e90264f33305004495a9","hash":"68aa87aa000284369410015650c09e4b2e0fd77a"}
,"/home/oshinka/Documents/node-course/nsbm-api/database/models/subjects.js": {"path":"/home/oshinka/Documents/node-course/nsbm-api/database/models/subjects.js","statementMap":{"0":{"start":{"line":1,"column":17},"end":{"line":1,"column":36}},"1":{"start":{"line":3,"column":22},"end":{"line":34,"column":2}},"2":{"start":{"line":18,"column":12},"end":{"line":19,"column":56}},"3":{"start":{"line":19,"column":16},"end":{"line":19,"column":56}},"4":{"start":{"line":36,"column":17},"end":{"line":36,"column":58}},"5":{"start":{"line":38,"column":0},"end":{"line":38,"column":26}}},"fnMap":{"0":{"name":"(anonymous_0)","decl":{"start":{"line":17,"column":8},"end":{"line":17,"column":9}},"loc":{"start":{"line":17,"column":23},"end":{"line":20,"column":9}},"line":17}},"branchMap":{"0":{"loc":{"start":{"line":18,"column":12},"end":{"line":19,"column":56}},"type":"if","locations":[{"start":{"line":18,"column":12},"end":{"line":19,"column":56}},{"start":{"line":18,"column":12},"end":{"line":19,"column":56}}],"line":18},"1":{"loc":{"start":{"line":18,"column":15},"end":{"line":18,"column":37}},"type":"binary-expr","locations":[{"start":{"line":18,"column":15},"end":{"line":18,"column":24}},{"start":{"line":18,"column":28},"end":{"line":18,"column":37}}],"line":18}},"s":{"0":1,"1":1,"2":0,"3":0,"4":1,"5":1},"f":{"0":0},"b":{"0":[0,0],"1":[0,0]},"_coverageSchema":"1a1c01bbd47fc00a2c39e90264f33305004495a9","hash":"46d1a3e9cc79ee8d527e9b8efb8f37d13f3440f8"}
,"/home/oshinka/Documents/node-course/nsbm-api/database/models/subscribers.js": {"path":"/home/oshinka/Documents/node-course/nsbm-api/database/models/subscribers.js","statementMap":{"0":{"start":{"line":1,"column":17},"end":{"line":1,"column":36}},"1":{"start":{"line":2,"column":18},"end":{"line":2,"column":38}},"2":{"start":{"line":3,"column":15},"end":{"line":3,"column":32}},"3":{"start":{"line":5,"column":0},"end":{"line":5,"column":16}},"4":{"start":{"line":7,"column":24},"end":{"line":31,"column":2}},"5":{"start":{"line":18,"column":12},"end":{"line":19,"column":49}},"6":{"start":{"line":19,"column":16},"end":{"line":19,"column":49}},"7":{"start":{"line":33,"column":20},"end":{"line":33,"column":66}},"8":{"start":{"line":35,"column":0},"end":{"line":35,"column":29}}},"fnMap":{"0":{"name":"(anonymous_0)","decl":{"start":{"line":17,"column":8},"end":{"line":17,"column":9}},"loc":{"start":{"line":17,"column":23},"end":{"line":20,"column":9}},"line":17}},"branchMap":{"0":{"loc":{"start":{"line":18,"column":12},"end":{"line":19,"column":49}},"type":"if","locations":[{"start":{"line":18,"column":12},"end":{"line":19,"column":49}},{"start":{"line":18,"column":12},"end":{"line":19,"column":49}}],"line":18}},"s":{"0":1,"1":1,"2":1,"3":1,"4":1,"5":0,"6":0,"7":1,"8":1},"f":{"0":0},"b":{"0":[0,0]},"_coverageSchema":"1a1c01bbd47fc00a2c39e90264f33305004495a9","hash":"cf47fa0aae948ccc6413af07dadb4165e685d75f"}
,"/home/oshinka/Documents/node-course/nsbm-api/middleware/auth.js": {"path":"/home/oshinka/Documents/node-course/nsbm-api/middleware/auth.js","statementMap":{"0":{"start":{"line":1,"column":12},"end":{"line":1,"column":35}},"1":{"start":{"line":2,"column":17},"end":{"line":2,"column":55}},"2":{"start":{"line":4,"column":13},"end":{"line":17,"column":1}},"3":{"start":{"line":5,"column":4},"end":{"line":16,"column":5}},"4":{"start":{"line":6,"column":22},"end":{"line":6,"column":49}},"5":{"start":{"line":7,"column":23},"end":{"line":7,"column":60}},"6":{"start":{"line":8,"column":24},"end":{"line":8,"column":90}},"7":{"start":{"line":9,"column":8},"end":{"line":10,"column":29}},"8":{"start":{"line":10,"column":12},"end":{"line":10,"column":29}},"9":{"start":{"line":11,"column":8},"end":{"line":11,"column":26}},"10":{"start":{"line":12,"column":8},"end":{"line":12,"column":30}},"11":{"start":{"line":13,"column":8},"end":{"line":13,"column":15}},"12":{"start":{"line":15,"column":8},"end":{"line":15,"column":57}},"13":{"start":{"line":19,"column":0},"end":{"line":19,"column":22}}},"fnMap":{"0":{"name":"(anonymous_0)","decl":{"start":{"line":4,"column":13},"end":{"line":4,"column":14}},"loc":{"start":{"line":4,"column":39},"end":{"line":17,"column":1}},"line":4}},"branchMap":{"0":{"loc":{"start":{"line":9,"column":8},"end":{"line":10,"column":29}},"type":"if","locations":[{"start":{"line":9,"column":8},"end":{"line":10,"column":29}},{"start":{"line":9,"column":8},"end":{"line":10,"column":29}}],"line":9}},"s":{"0":1,"1":1,"2":1,"3":2,"4":2,"5":2,"6":1,"7":1,"8":0,"9":1,"10":1,"11":1,"12":1,"13":1},"f":{"0":2},"b":{"0":[0,1]},"_coverageSchema":"1a1c01bbd47fc00a2c39e90264f33305004495a9","hash":"114552e395c3be78789d50e7d56b5227d94ff77c"}
,"/home/oshinka/Documents/node-course/nsbm-api/routes/index.js": {"path":"/home/oshinka/Documents/node-course/nsbm-api/routes/index.js","statementMap":{"0":{"start":{"line":1,"column":14},"end":{"line":1,"column":32}},"1":{"start":{"line":2,"column":13},"end":{"line":2,"column":29}},"2":{"start":{"line":5,"column":0},"end":{"line":7,"column":3}},"3":{"start":{"line":6,"column":2},"end":{"line":6,"column":44}},"4":{"start":{"line":9,"column":0},"end":{"line":9,"column":24}}},"fnMap":{"0":{"name":"(anonymous_0)","decl":{"start":{"line":5,"column":16},"end":{"line":5,"column":17}},"loc":{"start":{"line":5,"column":41},"end":{"line":7,"column":1}},"line":5}},"branchMap":{},"s":{"0":1,"1":1,"2":1,"3":0,"4":1},"f":{"0":0},"b":{},"_coverageSchema":"1a1c01bbd47fc00a2c39e90264f33305004495a9","hash":"91d7debc72dd32de67b54bbc7d84ffa8aac29cfa"}
,"/home/oshinka/Documents/node-course/nsbm-api/routes/lecturers.js": {"path":"/home/oshinka/Documents/node-course/nsbm-api/routes/lecturers.js","statementMap":{"0":{"start":{"line":1,"column":14},"end":{"line":1,"column":32}},"1":{"start":{"line":2,"column":16},"end":{"line":2,"column":55}},"2":{"start":{"line":3,"column":13},"end":{"line":3,"column":30}},"3":{"start":{"line":4,"column":13},"end":{"line":4,"column":29}},"4":{"start":{"line":6,"column":15},"end":{"line":15,"column":2}},"5":{"start":{"line":11,"column":6},"end":{"line":12,"column":54}},"6":{"start":{"line":12,"column":10},"end":{"line":12,"column":54}},"7":{"start":{"line":13,"column":6},"end":{"line":13,"column":25}},"8":{"start":{"line":18,"column":0},"end":{"line":32,"column":3}},"9":{"start":{"line":20,"column":28},"end":{"line":20,"column":78}},"10":{"start":{"line":21,"column":4},"end":{"line":22,"column":96}},"11":{"start":{"line":22,"column":8},"end":{"line":22,"column":96}},"12":{"start":{"line":25,"column":21},"end":{"line":25,"column":44}},"13":{"start":{"line":26,"column":4},"end":{"line":31,"column":5}},"14":{"start":{"line":27,"column":22},"end":{"line":27,"column":56}},"15":{"start":{"line":28,"column":8},"end":{"line":28,"column":48}},"16":{"start":{"line":30,"column":8},"end":{"line":30,"column":40}},"17":{"start":{"line":35,"column":0},"end":{"line":43,"column":3}},"18":{"start":{"line":36,"column":2},"end":{"line":42,"column":3}},"19":{"start":{"line":37,"column":23},"end":{"line":37,"column":91}},"20":{"start":{"line":38,"column":20},"end":{"line":38,"column":54}},"21":{"start":{"line":39,"column":6},"end":{"line":39,"column":45}},"22":{"start":{"line":41,"column":6},"end":{"line":41,"column":38}},"23":{"start":{"line":46,"column":0},"end":{"line":52,"column":63}},"24":{"start":{"line":47,"column":19},"end":{"line":47,"column":58}},"25":{"start":{"line":48,"column":2},"end":{"line":48,"column":26}},"26":{"start":{"line":49,"column":2},"end":{"line":49,"column":40}},"27":{"start":{"line":50,"column":2},"end":{"line":50,"column":28}},"28":{"start":{"line":51,"column":2},"end":{"line":51,"column":25}},"29":{"start":{"line":52,"column":28},"end":{"line":52,"column":61}},"30":{"start":{"line":55,"column":0},"end":{"line":65,"column":3}},"31":{"start":{"line":56,"column":2},"end":{"line":64,"column":3}},"32":{"start":{"line":57,"column":23},"end":{"line":57,"column":62}},"33":{"start":{"line":58,"column":6},"end":{"line":59,"column":28}},"34":{"start":{"line":59,"column":10},"end":{"line":59,"column":28}},"35":{"start":{"line":60,"column":6},"end":{"line":60,"column":43}},"36":{"start":{"line":61,"column":6},"end":{"line":61,"column":32}},"37":{"start":{"line":63,"column":6},"end":{"line":63,"column":29}},"38":{"start":{"line":68,"column":0},"end":{"line":77,"column":3}},"39":{"start":{"line":69,"column":2},"end":{"line":76,"column":3}},"40":{"start":{"line":70,"column":24},"end":{"line":70,"column":48}},"41":{"start":{"line":71,"column":6},"end":{"line":72,"column":40}},"42":{"start":{"line":72,"column":10},"end":{"line":72,"column":40}},"43":{"start":{"line":73,"column":6},"end":{"line":73,"column":38}},"44":{"start":{"line":75,"column":6},"end":{"line":75,"column":38}},"45":{"start":{"line":80,"column":0},"end":{"line":89,"column":3}},"46":{"start":{"line":81,"column":2},"end":{"line":88,"column":3}},"47":{"start":{"line":82,"column":23},"end":{"line":82,"column":62}},"48":{"start":{"line":83,"column":6},"end":{"line":84,"column":40}},"49":{"start":{"line":84,"column":10},"end":{"line":84,"column":40}},"50":{"start":{"line":85,"column":6},"end":{"line":85,"column":37}},"51":{"start":{"line":87,"column":6},"end":{"line":87,"column":38}},"52":{"start":{"line":92,"column":0},"end":{"line":105,"column":3}},"53":{"start":{"line":93,"column":2},"end":{"line":104,"column":3}},"54":{"start":{"line":94,"column":23},"end":{"line":98,"column":7}},"55":{"start":{"line":99,"column":6},"end":{"line":100,"column":40}},"56":{"start":{"line":100,"column":10},"end":{"line":100,"column":40}},"57":{"start":{"line":101,"column":6},"end":{"line":101,"column":37}},"58":{"start":{"line":103,"column":6},"end":{"line":103,"column":38}},"59":{"start":{"line":108,"column":0},"end":{"line":117,"column":3}},"60":{"start":{"line":109,"column":2},"end":{"line":116,"column":3}},"61":{"start":{"line":110,"column":23},"end":{"line":110,"column":71}},"62":{"start":{"line":111,"column":6},"end":{"line":112,"column":40}},"63":{"start":{"line":112,"column":10},"end":{"line":112,"column":40}},"64":{"start":{"line":113,"column":6},"end":{"line":113,"column":37}},"65":{"start":{"line":115,"column":6},"end":{"line":115,"column":38}},"66":{"start":{"line":119,"column":0},"end":{"line":119,"column":24}}},"fnMap":{"0":{"name":"(anonymous_0)","decl":{"start":{"line":10,"column":2},"end":{"line":10,"column":3}},"loc":{"start":{"line":10,"column":28},"end":{"line":14,"column":3}},"line":10},"1":{"name":"(anonymous_1)","decl":{"start":{"line":18,"column":17},"end":{"line":18,"column":18}},"loc":{"start":{"line":18,"column":37},"end":{"line":32,"column":1}},"line":18},"2":{"name":"(anonymous_2)","decl":{"start":{"line":35,"column":22},"end":{"line":35,"column":23}},"loc":{"start":{"line":35,"column":42},"end":{"line":43,"column":1}},"line":35},"3":{"name":"(anonymous_3)","decl":{"start":{"line":46,"column":52},"end":{"line":46,"column":53}},"loc":{"start":{"line":46,"column":72},"end":{"line":52,"column":1}},"line":46},"4":{"name":"(anonymous_4)","decl":{"start":{"line":52,"column":3},"end":{"line":52,"column":4}},"loc":{"start":{"line":52,"column":28},"end":{"line":52,"column":61}},"line":52},"5":{"name":"(anonymous_5)","decl":{"start":{"line":55,"column":26},"end":{"line":55,"column":27}},"loc":{"start":{"line":55,"column":46},"end":{"line":65,"column":1}},"line":55},"6":{"name":"(anonymous_6)","decl":{"start":{"line":68,"column":16},"end":{"line":68,"column":17}},"loc":{"start":{"line":68,"column":36},"end":{"line":77,"column":1}},"line":68},"7":{"name":"(anonymous_7)","decl":{"start":{"line":80,"column":19},"end":{"line":80,"column":20}},"loc":{"start":{"line":80,"column":39},"end":{"line":89,"column":1}},"line":80},"8":{"name":"(anonymous_8)","decl":{"start":{"line":92,"column":21},"end":{"line":92,"column":22}},"loc":{"start":{"line":92,"column":41},"end":{"line":105,"column":1}},"line":92},"9":{"name":"(anonymous_9)","decl":{"start":{"line":108,"column":22},"end":{"line":108,"column":23}},"loc":{"start":{"line":108,"column":42},"end":{"line":117,"column":1}},"line":108}},"branchMap":{"0":{"loc":{"start":{"line":11,"column":6},"end":{"line":12,"column":54}},"type":"if","locations":[{"start":{"line":11,"column":6},"end":{"line":12,"column":54}},{"start":{"line":11,"column":6},"end":{"line":12,"column":54}}],"line":11},"1":{"loc":{"start":{"line":21,"column":4},"end":{"line":22,"column":96}},"type":"if","locations":[{"start":{"line":21,"column":4},"end":{"line":22,"column":96}},{"start":{"line":21,"column":4},"end":{"line":22,"column":96}}],"line":21},"2":{"loc":{"start":{"line":58,"column":6},"end":{"line":59,"column":28}},"type":"if","locations":[{"start":{"line":58,"column":6},"end":{"line":59,"column":28}},{"start":{"line":58,"column":6},"end":{"line":59,"column":28}}],"line":58},"3":{"loc":{"start":{"line":58,"column":9},"end":{"line":58,"column":38}},"type":"binary-expr","locations":[{"start":{"line":58,"column":9},"end":{"line":58,"column":18}},{"start":{"line":58,"column":22},"end":{"line":58,"column":38}}],"line":58},"4":{"loc":{"start":{"line":71,"column":6},"end":{"line":72,"column":40}},"type":"if","locations":[{"start":{"line":71,"column":6},"end":{"line":72,"column":40}},{"start":{"line":71,"column":6},"end":{"line":72,"column":40}}],"line":71},"5":{"loc":{"start":{"line":83,"column":6},"end":{"line":84,"column":40}},"type":"if","locations":[{"start":{"line":83,"column":6},"end":{"line":84,"column":40}},{"start":{"line":83,"column":6},"end":{"line":84,"column":40}}],"line":83},"6":{"loc":{"start":{"line":99,"column":6},"end":{"line":100,"column":40}},"type":"if","locations":[{"start":{"line":99,"column":6},"end":{"line":100,"column":40}},{"start":{"line":99,"column":6},"end":{"line":100,"column":40}}],"line":99},"7":{"loc":{"start":{"line":111,"column":6},"end":{"line":112,"column":40}},"type":"if","locations":[{"start":{"line":111,"column":6},"end":{"line":112,"column":40}},{"start":{"line":111,"column":6},"end":{"line":112,"column":40}}],"line":111}},"s":{"0":1,"1":1,"2":1,"3":1,"4":1,"5":0,"6":0,"7":0,"8":1,"9":0,"10":0,"11":0,"12":0,"13":0,"14":0,"15":0,"16":0,"17":1,"18":0,"19":0,"20":0,"21":0,"22":0,"23":1,"24":0,"25":0,"26":0,"27":0,"28":0,"29":0,"30":1,"31":0,"32":0,"33":0,"34":0,"35":0,"36":0,"37":0,"38":1,"39":0,"40":0,"41":0,"42":0,"43":0,"44":0,"45":1,"46":0,"47":0,"48":0,"49":0,"50":0,"51":0,"52":1,"53":0,"54":0,"55":0,"56":0,"57":0,"58":0,"59":1,"60":0,"61":0,"62":0,"63":0,"64":0,"65":0,"66":1},"f":{"0":0,"1":0,"2":0,"3":0,"4":0,"5":0,"6":0,"7":0,"8":0,"9":0},"b":{"0":[0,0],"1":[0,0],"2":[0,0],"3":[0,0],"4":[0,0],"5":[0,0],"6":[0,0],"7":[0,0]},"_coverageSchema":"1a1c01bbd47fc00a2c39e90264f33305004495a9","hash":"e37ad35b1f823da445d33402acddf79529374fb3"}
,"/home/oshinka/Documents/node-course/nsbm-api/routes/payments.js": {"path":"/home/oshinka/Documents/node-course/nsbm-api/routes/payments.js","statementMap":{"0":{"start":{"line":1,"column":14},"end":{"line":1,"column":32}},"1":{"start":{"line":2,"column":17},"end":{"line":2,"column":55}},"2":{"start":{"line":4,"column":13},"end":{"line":4,"column":29}},"3":{"start":{"line":7,"column":0},"end":{"line":16,"column":3}},"4":{"start":{"line":8,"column":20},"end":{"line":8,"column":42}},"5":{"start":{"line":10,"column":4},"end":{"line":15,"column":5}},"6":{"start":{"line":11,"column":8},"end":{"line":11,"column":29}},"7":{"start":{"line":12,"column":8},"end":{"line":12,"column":38}},"8":{"start":{"line":14,"column":8},"end":{"line":14,"column":39}},"9":{"start":{"line":18,"column":0},"end":{"line":18,"column":24}}},"fnMap":{"0":{"name":"(anonymous_0)","decl":{"start":{"line":7,"column":17},"end":{"line":7,"column":18}},"loc":{"start":{"line":7,"column":37},"end":{"line":16,"column":1}},"line":7}},"branchMap":{},"s":{"0":1,"1":1,"2":1,"3":1,"4":0,"5":0,"6":0,"7":0,"8":0,"9":1},"f":{"0":0},"b":{},"_coverageSchema":"1a1c01bbd47fc00a2c39e90264f33305004495a9","hash":"ca39865bff77eb5dd3786e2385f59f6df2dbd11e"}
,"/home/oshinka/Documents/node-course/nsbm-api/routes/pdfGenerator.js": {"path":"/home/oshinka/Documents/node-course/nsbm-api/routes/pdfGenerator.js","statementMap":{"0":{"start":{"line":1,"column":16},"end":{"line":1,"column":34}},"1":{"start":{"line":2,"column":11},"end":{"line":2,"column":24}},"2":{"start":{"line":3,"column":20},"end":{"line":3,"column":46}},"3":{"start":{"line":5,"column":15},"end":{"line":5,"column":31}},"4":{"start":{"line":8,"column":0},"end":{"line":15,"column":3}},"5":{"start":{"line":10,"column":20},"end":{"line":10,"column":41}},"6":{"start":{"line":11,"column":4},"end":{"line":12,"column":38}},"7":{"start":{"line":12,"column":8},"end":{"line":12,"column":38}},"8":{"start":{"line":13,"column":4},"end":{"line":13,"column":73}},"9":{"start":{"line":14,"column":4},"end":{"line":14,"column":22}},"10":{"start":{"line":18,"column":0},"end":{"line":28,"column":3}},"11":{"start":{"line":19,"column":15},"end":{"line":19,"column":68}},"12":{"start":{"line":20,"column":15},"end":{"line":20,"column":60}},"13":{"start":{"line":21,"column":4},"end":{"line":21,"column":47}},"14":{"start":{"line":22,"column":4},"end":{"line":22,"column":53}},"15":{"start":{"line":23,"column":4},"end":{"line":23,"column":79}},"16":{"start":{"line":25,"column":4},"end":{"line":26,"column":38}},"17":{"start":{"line":26,"column":8},"end":{"line":26,"column":38}},"18":{"start":{"line":27,"column":4},"end":{"line":27,"column":19}},"19":{"start":{"line":30,"column":0},"end":{"line":30,"column":24}}},"fnMap":{"0":{"name":"(anonymous_0)","decl":{"start":{"line":8,"column":17},"end":{"line":8,"column":18}},"loc":{"start":{"line":8,"column":37},"end":{"line":15,"column":1}},"line":8},"1":{"name":"(anonymous_1)","decl":{"start":{"line":18,"column":16},"end":{"line":18,"column":17}},"loc":{"start":{"line":18,"column":36},"end":{"line":28,"column":1}},"line":18}},"branchMap":{"0":{"loc":{"start":{"line":11,"column":4},"end":{"line":12,"column":38}},"type":"if","locations":[{"start":{"line":11,"column":4},"end":{"line":12,"column":38}},{"start":{"line":11,"column":4},"end":{"line":12,"column":38}}],"line":11},"1":{"loc":{"start":{"line":25,"column":4},"end":{"line":26,"column":38}},"type":"if","locations":[{"start":{"line":25,"column":4},"end":{"line":26,"column":38}},{"start":{"line":25,"column":4},"end":{"line":26,"column":38}}],"line":25}},"s":{"0":1,"1":1,"2":1,"3":1,"4":1,"5":0,"6":0,"7":0,"8":0,"9":0,"10":1,"11":0,"12":0,"13":0,"14":0,"15":0,"16":0,"17":0,"18":0,"19":1},"f":{"0":0,"1":0},"b":{"0":[0,0],"1":[0,0]},"_coverageSchema":"1a1c01bbd47fc00a2c39e90264f33305004495a9","hash":"5ac6e5d0873dcf2e735469dbc2738f1bc5964fa9"}
,"/home/oshinka/Documents/node-course/nsbm-api/routes/qrGenerator.js": {"path":"/home/oshinka/Documents/node-course/nsbm-api/routes/qrGenerator.js","statementMap":{"0":{"start":{"line":1,"column":16},"end":{"line":1,"column":34}},"1":{"start":{"line":2,"column":15},"end":{"line":2,"column":32}},"2":{"start":{"line":3,"column":15},"end":{"line":3,"column":31}},"3":{"start":{"line":6,"column":0},"end":{"line":22,"column":3}},"4":{"start":{"line":7,"column":22},"end":{"line":7,"column":30}},"5":{"start":{"line":8,"column":4},"end":{"line":13,"column":10}},"6":{"start":{"line":10,"column":12},"end":{"line":11,"column":42}},"7":{"start":{"line":11,"column":16},"end":{"line":11,"column":42}},"8":{"start":{"line":12,"column":12},"end":{"line":12,"column":38}},"9":{"start":{"line":14,"column":4},"end":{"line":21,"column":10}},"10":{"start":{"line":18,"column":12},"end":{"line":19,"column":42}},"11":{"start":{"line":19,"column":16},"end":{"line":19,"column":42}},"12":{"start":{"line":20,"column":12},"end":{"line":20,"column":35}},"13":{"start":{"line":24,"column":0},"end":{"line":24,"column":24}}},"fnMap":{"0":{"name":"(anonymous_0)","decl":{"start":{"line":6,"column":17},"end":{"line":6,"column":18}},"loc":{"start":{"line":6,"column":31},"end":{"line":22,"column":1}},"line":6},"1":{"name":"(anonymous_1)","decl":{"start":{"line":9,"column":8},"end":{"line":9,"column":9}},"loc":{"start":{"line":9,"column":22},"end":{"line":13,"column":9}},"line":9},"2":{"name":"(anonymous_2)","decl":{"start":{"line":17,"column":8},"end":{"line":17,"column":9}},"loc":{"start":{"line":17,"column":17},"end":{"line":21,"column":9}},"line":17}},"branchMap":{"0":{"loc":{"start":{"line":10,"column":12},"end":{"line":11,"column":42}},"type":"if","locations":[{"start":{"line":10,"column":12},"end":{"line":11,"column":42}},{"start":{"line":10,"column":12},"end":{"line":11,"column":42}}],"line":10},"1":{"loc":{"start":{"line":18,"column":12},"end":{"line":19,"column":42}},"type":"if","locations":[{"start":{"line":18,"column":12},"end":{"line":19,"column":42}},{"start":{"line":18,"column":12},"end":{"line":19,"column":42}}],"line":18}},"s":{"0":1,"1":1,"2":1,"3":1,"4":0,"5":0,"6":0,"7":0,"8":0,"9":0,"10":0,"11":0,"12":0,"13":1},"f":{"0":0,"1":0,"2":0},"b":{"0":[0,0],"1":[0,0]},"_coverageSchema":"1a1c01bbd47fc00a2c39e90264f33305004495a9","hash":"b8e2e5d02fda37a00d907fef6102ed7abdd66759"}
,"/home/oshinka/Documents/node-course/nsbm-api/routes/smsGenerator.js": {"path":"/home/oshinka/Documents/node-course/nsbm-api/routes/smsGenerator.js","statementMap":{"0":{"start":{"line":1,"column":16},"end":{"line":1,"column":34}},"1":{"start":{"line":2,"column":14},"end":{"line":2,"column":30}},"2":{"start":{"line":3,"column":15},"end":{"line":3,"column":31}},"3":{"start":{"line":5,"column":14},"end":{"line":8,"column":2}},"4":{"start":{"line":10,"column":0},"end":{"line":20,"column":3}},"5":{"start":{"line":11,"column":17},"end":{"line":11,"column":30}},"6":{"start":{"line":12,"column":15},"end":{"line":12,"column":30}},"7":{"start":{"line":13,"column":17},"end":{"line":13,"column":33}},"8":{"start":{"line":15,"column":4},"end":{"line":19,"column":7}},"9":{"start":{"line":16,"column":8},"end":{"line":17,"column":38}},"10":{"start":{"line":17,"column":12},"end":{"line":17,"column":38}},"11":{"start":{"line":18,"column":8},"end":{"line":18,"column":35}},"12":{"start":{"line":24,"column":0},"end":{"line":24,"column":24}}},"fnMap":{"0":{"name":"(anonymous_0)","decl":{"start":{"line":10,"column":17},"end":{"line":10,"column":18}},"loc":{"start":{"line":10,"column":31},"end":{"line":20,"column":1}},"line":10},"1":{"name":"(anonymous_1)","decl":{"start":{"line":15,"column":42},"end":{"line":15,"column":43}},"loc":{"start":{"line":15,"column":57},"end":{"line":19,"column":5}},"line":15}},"branchMap":{"0":{"loc":{"start":{"line":16,"column":8},"end":{"line":17,"column":38}},"type":"if","locations":[{"start":{"line":16,"column":8},"end":{"line":17,"column":38}},{"start":{"line":16,"column":8},"end":{"line":17,"column":38}}],"line":16}},"s":{"0":1,"1":1,"2":1,"3":1,"4":1,"5":0,"6":0,"7":0,"8":0,"9":0,"10":0,"11":0,"12":1},"f":{"0":0,"1":0},"b":{"0":[0,0]},"_coverageSchema":"1a1c01bbd47fc00a2c39e90264f33305004495a9","hash":"efa4c5921fa1bb28e2dfe1b53b7f815d6b2644c8"}
,"/home/oshinka/Documents/node-course/nsbm-api/routes/students.js": {"path":"/home/oshinka/Documents/node-course/nsbm-api/routes/students.js","statementMap":{"0":{"start":{"line":1,"column":14},"end":{"line":1,"column":32}},"1":{"start":{"line":2,"column":15},"end":{"line":2,"column":53}},"2":{"start":{"line":3,"column":13},"end":{"line":3,"column":30}},"3":{"start":{"line":4,"column":13},"end":{"line":4,"column":42}},"4":{"start":{"line":5,"column":13},"end":{"line":5,"column":29}},"5":{"start":{"line":7,"column":15},"end":{"line":16,"column":2}},"6":{"start":{"line":12,"column":8},"end":{"line":13,"column":56}},"7":{"start":{"line":13,"column":12},"end":{"line":13,"column":56}},"8":{"start":{"line":14,"column":8},"end":{"line":14,"column":27}},"9":{"start":{"line":19,"column":0},"end":{"line":33,"column":3}},"10":{"start":{"line":21,"column":27},"end":{"line":21,"column":76}},"11":{"start":{"line":22,"column":4},"end":{"line":23,"column":94}},"12":{"start":{"line":23,"column":8},"end":{"line":23,"column":94}},"13":{"start":{"line":26,"column":20},"end":{"line":26,"column":42}},"14":{"start":{"line":27,"column":4},"end":{"line":32,"column":5}},"15":{"start":{"line":28,"column":22},"end":{"line":28,"column":55}},"16":{"start":{"line":29,"column":8},"end":{"line":29,"column":47}},"17":{"start":{"line":31,"column":8},"end":{"line":31,"column":40}},"18":{"start":{"line":36,"column":0},"end":{"line":44,"column":3}},"19":{"start":{"line":37,"column":4},"end":{"line":43,"column":5}},"20":{"start":{"line":38,"column":24},"end":{"line":38,"column":91}},"21":{"start":{"line":39,"column":22},"end":{"line":39,"column":55}},"22":{"start":{"line":40,"column":8},"end":{"line":40,"column":46}},"23":{"start":{"line":42,"column":8},"end":{"line":42,"column":40}},"24":{"start":{"line":47,"column":0},"end":{"line":53,"column":63}},"25":{"start":{"line":48,"column":20},"end":{"line":48,"column":58}},"26":{"start":{"line":49,"column":4},"end":{"line":49,"column":26}},"27":{"start":{"line":50,"column":4},"end":{"line":50,"column":41}},"28":{"start":{"line":51,"column":4},"end":{"line":51,"column":29}},"29":{"start":{"line":52,"column":4},"end":{"line":52,"column":26}},"30":{"start":{"line":53,"column":28},"end":{"line":53,"column":61}},"31":{"start":{"line":56,"column":0},"end":{"line":66,"column":3}},"32":{"start":{"line":57,"column":4},"end":{"line":65,"column":5}},"33":{"start":{"line":58,"column":24},"end":{"line":58,"column":62}},"34":{"start":{"line":59,"column":8},"end":{"line":60,"column":30}},"35":{"start":{"line":60,"column":12},"end":{"line":60,"column":30}},"36":{"start":{"line":61,"column":8},"end":{"line":61,"column":45}},"37":{"start":{"line":62,"column":8},"end":{"line":62,"column":33}},"38":{"start":{"line":64,"column":8},"end":{"line":64,"column":31}},"39":{"start":{"line":69,"column":0},"end":{"line":78,"column":3}},"40":{"start":{"line":70,"column":4},"end":{"line":77,"column":5}},"41":{"start":{"line":71,"column":25},"end":{"line":71,"column":48}},"42":{"start":{"line":72,"column":8},"end":{"line":73,"column":42}},"43":{"start":{"line":73,"column":12},"end":{"line":73,"column":42}},"44":{"start":{"line":74,"column":8},"end":{"line":74,"column":39}},"45":{"start":{"line":76,"column":8},"end":{"line":76,"column":40}},"46":{"start":{"line":81,"column":0},"end":{"line":91,"column":3}},"47":{"start":{"line":82,"column":4},"end":{"line":90,"column":5}},"48":{"start":{"line":84,"column":24},"end":{"line":84,"column":35}},"49":{"start":{"line":85,"column":8},"end":{"line":86,"column":42}},"50":{"start":{"line":86,"column":12},"end":{"line":86,"column":42}},"51":{"start":{"line":87,"column":8},"end":{"line":87,"column":38}},"52":{"start":{"line":89,"column":8},"end":{"line":89,"column":40}},"53":{"start":{"line":94,"column":0},"end":{"line":102,"column":2}},"54":{"start":{"line":95,"column":4},"end":{"line":101,"column":5}},"55":{"start":{"line":96,"column":8},"end":{"line":96,"column":90}},"56":{"start":{"line":96,"column":64},"end":{"line":96,"column":89}},"57":{"start":{"line":97,"column":8},"end":{"line":97,"column":32}},"58":{"start":{"line":98,"column":8},"end":{"line":98,"column":41}},"59":{"start":{"line":100,"column":8},"end":{"line":100,"column":39}},"60":{"start":{"line":105,"column":0},"end":{"line":118,"column":3}},"61":{"start":{"line":106,"column":4},"end":{"line":117,"column":5}},"62":{"start":{"line":107,"column":24},"end":{"line":111,"column":9}},"63":{"start":{"line":112,"column":8},"end":{"line":113,"column":42}},"64":{"start":{"line":113,"column":12},"end":{"line":113,"column":42}},"65":{"start":{"line":114,"column":8},"end":{"line":114,"column":38}},"66":{"start":{"line":116,"column":8},"end":{"line":116,"column":40}},"67":{"start":{"line":121,"column":0},"end":{"line":130,"column":3}},"68":{"start":{"line":122,"column":4},"end":{"line":129,"column":5}},"69":{"start":{"line":123,"column":24},"end":{"line":123,"column":71}},"70":{"start":{"line":124,"column":8},"end":{"line":125,"column":42}},"71":{"start":{"line":125,"column":12},"end":{"line":125,"column":42}},"72":{"start":{"line":126,"column":8},"end":{"line":126,"column":38}},"73":{"start":{"line":128,"column":8},"end":{"line":128,"column":40}},"74":{"start":{"line":132,"column":0},"end":{"line":132,"column":24}}},"fnMap":{"0":{"name":"(anonymous_0)","decl":{"start":{"line":11,"column":4},"end":{"line":11,"column":5}},"loc":{"start":{"line":11,"column":30},"end":{"line":15,"column":5}},"line":11},"1":{"name":"(anonymous_1)","decl":{"start":{"line":19,"column":17},"end":{"line":19,"column":18}},"loc":{"start":{"line":19,"column":37},"end":{"line":33,"column":1}},"line":19},"2":{"name":"(anonymous_2)","decl":{"start":{"line":36,"column":22},"end":{"line":36,"column":23}},"loc":{"start":{"line":36,"column":42},"end":{"line":44,"column":1}},"line":36},"3":{"name":"(anonymous_3)","decl":{"start":{"line":47,"column":52},"end":{"line":47,"column":53}},"loc":{"start":{"line":47,"column":72},"end":{"line":53,"column":1}},"line":47},"4":{"name":"(anonymous_4)","decl":{"start":{"line":53,"column":3},"end":{"line":53,"column":4}},"loc":{"start":{"line":53,"column":28},"end":{"line":53,"column":61}},"line":53},"5":{"name":"(anonymous_5)","decl":{"start":{"line":56,"column":26},"end":{"line":56,"column":27}},"loc":{"start":{"line":56,"column":46},"end":{"line":66,"column":1}},"line":56},"6":{"name":"(anonymous_6)","decl":{"start":{"line":69,"column":16},"end":{"line":69,"column":17}},"loc":{"start":{"line":69,"column":36},"end":{"line":78,"column":1}},"line":69},"7":{"name":"(anonymous_7)","decl":{"start":{"line":81,"column":24},"end":{"line":81,"column":25}},"loc":{"start":{"line":81,"column":44},"end":{"line":91,"column":1}},"line":81},"8":{"name":"(anonymous_8)","decl":{"start":{"line":94,"column":28},"end":{"line":94,"column":29}},"loc":{"start":{"line":94,"column":48},"end":{"line":102,"column":1}},"line":94},"9":{"name":"(anonymous_9)","decl":{"start":{"line":96,"column":55},"end":{"line":96,"column":56}},"loc":{"start":{"line":96,"column":64},"end":{"line":96,"column":89}},"line":96},"10":{"name":"(anonymous_10)","decl":{"start":{"line":105,"column":21},"end":{"line":105,"column":22}},"loc":{"start":{"line":105,"column":41},"end":{"line":118,"column":1}},"line":105},"11":{"name":"(anonymous_11)","decl":{"start":{"line":121,"column":22},"end":{"line":121,"column":23}},"loc":{"start":{"line":121,"column":42},"end":{"line":130,"column":1}},"line":121}},"branchMap":{"0":{"loc":{"start":{"line":12,"column":8},"end":{"line":13,"column":56}},"type":"if","locations":[{"start":{"line":12,"column":8},"end":{"line":13,"column":56}},{"start":{"line":12,"column":8},"end":{"line":13,"column":56}}],"line":12},"1":{"loc":{"start":{"line":22,"column":4},"end":{"line":23,"column":94}},"type":"if","locations":[{"start":{"line":22,"column":4},"end":{"line":23,"column":94}},{"start":{"line":22,"column":4},"end":{"line":23,"column":94}}],"line":22},"2":{"loc":{"start":{"line":59,"column":8},"end":{"line":60,"column":30}},"type":"if","locations":[{"start":{"line":59,"column":8},"end":{"line":60,"column":30}},{"start":{"line":59,"column":8},"end":{"line":60,"column":30}}],"line":59},"3":{"loc":{"start":{"line":59,"column":11},"end":{"line":59,"column":38}},"type":"binary-expr","locations":[{"start":{"line":59,"column":11},"end":{"line":59,"column":19}},{"start":{"line":59,"column":23},"end":{"line":59,"column":38}}],"line":59},"4":{"loc":{"start":{"line":72,"column":8},"end":{"line":73,"column":42}},"type":"if","locations":[{"start":{"line":72,"column":8},"end":{"line":73,"column":42}},{"start":{"line":72,"column":8},"end":{"line":73,"column":42}}],"line":72},"5":{"loc":{"start":{"line":85,"column":8},"end":{"line":86,"column":42}},"type":"if","locations":[{"start":{"line":85,"column":8},"end":{"line":86,"column":42}},{"start":{"line":85,"column":8},"end":{"line":86,"column":42}}],"line":85},"6":{"loc":{"start":{"line":112,"column":8},"end":{"line":113,"column":42}},"type":"if","locations":[{"start":{"line":112,"column":8},"end":{"line":113,"column":42}},{"start":{"line":112,"column":8},"end":{"line":113,"column":42}}],"line":112},"7":{"loc":{"start":{"line":124,"column":8},"end":{"line":125,"column":42}},"type":"if","locations":[{"start":{"line":124,"column":8},"end":{"line":125,"column":42}},{"start":{"line":124,"column":8},"end":{"line":125,"column":42}}],"line":124}},"s":{"0":1,"1":1,"2":1,"3":1,"4":1,"5":1,"6":0,"7":0,"8":0,"9":1,"10":1,"11":1,"12":0,"13":1,"14":1,"15":1,"16":1,"17":0,"18":1,"19":1,"20":1,"21":1,"22":1,"23":0,"24":1,"25":0,"26":0,"27":0,"28":0,"29":0,"30":0,"31":1,"32":0,"33":0,"34":0,"35":0,"36":0,"37":0,"38":0,"39":1,"40":1,"41":1,"42":1,"43":0,"44":1,"45":0,"46":1,"47":1,"48":1,"49":1,"50":0,"51":1,"52":0,"53":1,"54":0,"55":0,"56":0,"57":0,"58":0,"59":0,"60":1,"61":1,"62":1,"63":1,"64":0,"65":1,"66":0,"67":1,"68":1,"69":1,"70":1,"71":0,"72":1,"73":0,"74":1},"f":{"0":0,"1":1,"2":1,"3":0,"4":0,"5":0,"6":1,"7":1,"8":0,"9":0,"10":1,"11":1},"b":{"0":[0,0],"1":[0,1],"2":[0,0],"3":[0,0],"4":[0,1],"5":[0,1],"6":[0,1],"7":[0,1]},"_coverageSchema":"1a1c01bbd47fc00a2c39e90264f33305004495a9","hash":"398e91d396995e243d74704034fd3d386e4a0c8f"}
,"/home/oshinka/Documents/node-course/nsbm-api/routes/subjects.js": {"path":"/home/oshinka/Documents/node-course/nsbm-api/routes/subjects.js","statementMap":{"0":{"start":{"line":1,"column":14},"end":{"line":1,"column":32}},"1":{"start":{"line":2,"column":15},"end":{"line":2,"column":53}},"2":{"start":{"line":3,"column":13},"end":{"line":3,"column":29}},"3":{"start":{"line":6,"column":0},"end":{"line":20,"column":3}},"4":{"start":{"line":8,"column":27},"end":{"line":8,"column":88}},"5":{"start":{"line":9,"column":4},"end":{"line":10,"column":101}},"6":{"start":{"line":10,"column":8},"end":{"line":10,"column":101}},"7":{"start":{"line":13,"column":4},"end":{"line":19,"column":5}},"8":{"start":{"line":14,"column":24},"end":{"line":14,"column":46}},"9":{"start":{"line":15,"column":8},"end":{"line":15,"column":29}},"10":{"start":{"line":16,"column":8},"end":{"line":16,"column":38}},"11":{"start":{"line":18,"column":8},"end":{"line":18,"column":40}},"12":{"start":{"line":23,"column":0},"end":{"line":37,"column":3}},"13":{"start":{"line":24,"column":4},"end":{"line":36,"column":5}},"14":{"start":{"line":25,"column":19},"end":{"line":25,"column":33}},"15":{"start":{"line":26,"column":8},"end":{"line":30,"column":9}},"16":{"start":{"line":27,"column":27},"end":{"line":27,"column":72}},"17":{"start":{"line":29,"column":27},"end":{"line":29,"column":50}},"18":{"start":{"line":31,"column":8},"end":{"line":32,"column":42}},"19":{"start":{"line":32,"column":12},"end":{"line":32,"column":42}},"20":{"start":{"line":33,"column":8},"end":{"line":33,"column":39}},"21":{"start":{"line":35,"column":8},"end":{"line":35,"column":40}},"22":{"start":{"line":40,"column":0},"end":{"line":49,"column":3}},"23":{"start":{"line":41,"column":4},"end":{"line":48,"column":5}},"24":{"start":{"line":42,"column":24},"end":{"line":42,"column":62}},"25":{"start":{"line":43,"column":8},"end":{"line":44,"column":42}},"26":{"start":{"line":44,"column":12},"end":{"line":44,"column":42}},"27":{"start":{"line":45,"column":8},"end":{"line":45,"column":38}},"28":{"start":{"line":47,"column":8},"end":{"line":47,"column":40}},"29":{"start":{"line":52,"column":0},"end":{"line":65,"column":3}},"30":{"start":{"line":53,"column":4},"end":{"line":64,"column":5}},"31":{"start":{"line":54,"column":24},"end":{"line":58,"column":9}},"32":{"start":{"line":59,"column":8},"end":{"line":60,"column":42}},"33":{"start":{"line":60,"column":12},"end":{"line":60,"column":42}},"34":{"start":{"line":61,"column":8},"end":{"line":61,"column":38}},"35":{"start":{"line":63,"column":8},"end":{"line":63,"column":40}},"36":{"start":{"line":68,"column":0},"end":{"line":77,"column":3}},"37":{"start":{"line":69,"column":4},"end":{"line":76,"column":5}},"38":{"start":{"line":70,"column":24},"end":{"line":70,"column":71}},"39":{"start":{"line":71,"column":8},"end":{"line":72,"column":42}},"40":{"start":{"line":72,"column":12},"end":{"line":72,"column":42}},"41":{"start":{"line":73,"column":8},"end":{"line":73,"column":38}},"42":{"start":{"line":75,"column":8},"end":{"line":75,"column":40}},"43":{"start":{"line":79,"column":0},"end":{"line":79,"column":24}}},"fnMap":{"0":{"name":"(anonymous_0)","decl":{"start":{"line":6,"column":17},"end":{"line":6,"column":18}},"loc":{"start":{"line":6,"column":37},"end":{"line":20,"column":1}},"line":6},"1":{"name":"(anonymous_1)","decl":{"start":{"line":23,"column":16},"end":{"line":23,"column":17}},"loc":{"start":{"line":23,"column":36},"end":{"line":37,"column":1}},"line":23},"2":{"name":"(anonymous_2)","decl":{"start":{"line":40,"column":19},"end":{"line":40,"column":20}},"loc":{"start":{"line":40,"column":39},"end":{"line":49,"column":1}},"line":40},"3":{"name":"(anonymous_3)","decl":{"start":{"line":52,"column":21},"end":{"line":52,"column":22}},"loc":{"start":{"line":52,"column":41},"end":{"line":65,"column":1}},"line":52},"4":{"name":"(anonymous_4)","decl":{"start":{"line":68,"column":22},"end":{"line":68,"column":23}},"loc":{"start":{"line":68,"column":42},"end":{"line":77,"column":1}},"line":68}},"branchMap":{"0":{"loc":{"start":{"line":9,"column":4},"end":{"line":10,"column":101}},"type":"if","locations":[{"start":{"line":9,"column":4},"end":{"line":10,"column":101}},{"start":{"line":9,"column":4},"end":{"line":10,"column":101}}],"line":9},"1":{"loc":{"start":{"line":26,"column":8},"end":{"line":30,"column":9}},"type":"if","locations":[{"start":{"line":26,"column":8},"end":{"line":30,"column":9}},{"start":{"line":26,"column":8},"end":{"line":30,"column":9}}],"line":26},"2":{"loc":{"start":{"line":31,"column":8},"end":{"line":32,"column":42}},"type":"if","locations":[{"start":{"line":31,"column":8},"end":{"line":32,"column":42}},{"start":{"line":31,"column":8},"end":{"line":32,"column":42}}],"line":31},"3":{"loc":{"start":{"line":43,"column":8},"end":{"line":44,"column":42}},"type":"if","locations":[{"start":{"line":43,"column":8},"end":{"line":44,"column":42}},{"start":{"line":43,"column":8},"end":{"line":44,"column":42}}],"line":43},"4":{"loc":{"start":{"line":59,"column":8},"end":{"line":60,"column":42}},"type":"if","locations":[{"start":{"line":59,"column":8},"end":{"line":60,"column":42}},{"start":{"line":59,"column":8},"end":{"line":60,"column":42}}],"line":59},"5":{"loc":{"start":{"line":71,"column":8},"end":{"line":72,"column":42}},"type":"if","locations":[{"start":{"line":71,"column":8},"end":{"line":72,"column":42}},{"start":{"line":71,"column":8},"end":{"line":72,"column":42}}],"line":71}},"s":{"0":1,"1":1,"2":1,"3":1,"4":0,"5":0,"6":0,"7":0,"8":0,"9":0,"10":0,"11":0,"12":1,"13":0,"14":0,"15":0,"16":0,"17":0,"18":0,"19":0,"20":0,"21":0,"22":1,"23":0,"24":0,"25":0,"26":0,"27":0,"28":0,"29":1,"30":0,"31":0,"32":0,"33":0,"34":0,"35":0,"36":1,"37":0,"38":0,"39":0,"40":0,"41":0,"42":0,"43":1},"f":{"0":0,"1":0,"2":0,"3":0,"4":0},"b":{"0":[0,0],"1":[0,0],"2":[0,0],"3":[0,0],"4":[0,0],"5":[0,0]},"_coverageSchema":"1a1c01bbd47fc00a2c39e90264f33305004495a9","hash":"6b6aef6bed35bea582c318cf6ecb771a5ef7a453"}
,"/home/oshinka/Documents/node-course/nsbm-api/routes/subscribers.js": {"path":"/home/oshinka/Documents/node-course/nsbm-api/routes/subscribers.js","statementMap":{"0":{"start":{"line":1,"column":16},"end":{"line":1,"column":34}},"1":{"start":{"line":2,"column":20},"end":{"line":2,"column":61}},"2":{"start":{"line":4,"column":13},"end":{"line":4,"column":29}},"3":{"start":{"line":7,"column":0},"end":{"line":16,"column":3}},"4":{"start":{"line":8,"column":22},"end":{"line":8,"column":47}},"5":{"start":{"line":10,"column":4},"end":{"line":15,"column":5}},"6":{"start":{"line":11,"column":8},"end":{"line":11,"column":31}},"7":{"start":{"line":12,"column":8},"end":{"line":12,"column":40}},"8":{"start":{"line":14,"column":8},"end":{"line":14,"column":40}},"9":{"start":{"line":18,"column":0},"end":{"line":18,"column":24}}},"fnMap":{"0":{"name":"(anonymous_0)","decl":{"start":{"line":7,"column":17},"end":{"line":7,"column":18}},"loc":{"start":{"line":7,"column":36},"end":{"line":16,"column":1}},"line":7}},"branchMap":{},"s":{"0":1,"1":1,"2":1,"3":1,"4":0,"5":0,"6":0,"7":0,"8":0,"9":1},"f":{"0":0},"b":{},"_coverageSchema":"1a1c01bbd47fc00a2c39e90264f33305004495a9","hash":"fa5bf305a063c1c8583665deac74e35de1f92378"}
}
