TN:
SF:app.js
FN:50,(anonymous_0)
FN:55,(anonymous_1)
FNF:2
FNH:0
FNDA:0,(anonymous_0)
FNDA:0,(anonymous_1)
DA:1,1
DA:2,1
DA:3,1
DA:4,1
DA:5,1
DA:6,1
DA:7,1
DA:8,1
DA:10,1
DA:11,1
DA:12,1
DA:13,1
DA:14,1
DA:15,1
DA:16,1
DA:17,1
DA:18,1
DA:19,1
DA:20,1
DA:22,1
DA:25,1
DA:26,1
DA:28,1
DA:29,1
DA:30,1
DA:31,1
DA:32,1
DA:33,1
DA:35,1
DA:36,1
DA:37,1
DA:38,1
DA:39,1
DA:40,1
DA:41,1
DA:42,1
DA:43,1
DA:46,1
DA:47,1
DA:50,1
DA:51,0
DA:55,1
DA:57,0
DA:58,0
DA:61,0
DA:62,0
DA:65,1
LF:47
LH:42
BRDA:58,0,0,0
BRDA:58,0,1,0
BRDA:61,1,0,0
BRDA:61,1,1,0
BRF:4
BRH:0
end_of_record
TN:
SF:pdfGenerator.js
FN:3,(anonymous_0)
FNF:1
FNH:0
FNDA:0,(anonymous_0)
DA:1,1
DA:3,1
DA:5,0
DA:7,0
DA:14,0
DA:19,0
DA:22,0
DA:25,0
DA:28,0
DA:31,0
DA:36,0
DA:38,0
LF:12
LH:2
BRF:0
BRH:0
end_of_record
TN:
SF:swagger.js
FNF:0
FNH:0
DA:1,1
DA:3,1
DA:441,1
LF:3
LH:3
BRF:0
BRH:0
end_of_record
TN:
SF:database/connection.js
FNF:0
FNH:0
DA:1,1
DA:2,1
DA:4,1
DA:6,1
LF:4
LH:4
BRF:0
BRH:0
end_of_record
TN:
SF:database/models/lecturers.js
FN:16,(anonymous_0)
FN:25,(anonymous_1)
FN:51,(anonymous_2)
FN:59,(anonymous_3)
FN:73,(anonymous_4)
FNF:5
FNH:0
FNDA:0,(anonymous_0)
FNDA:0,(anonymous_1)
FNDA:0,(anonymous_2)
FNDA:0,(anonymous_3)
FNDA:0,(anonymous_4)
DA:1,1
DA:2,1
DA:3,1
DA:4,1
DA:6,1
DA:17,0
DA:18,0
DA:26,0
DA:27,0
DA:51,1
DA:52,0
DA:53,0
DA:54,0
DA:55,0
DA:56,0
DA:59,1
DA:60,0
DA:61,0
DA:62,0
DA:63,0
DA:64,0
DA:65,0
DA:66,0
DA:67,0
DA:69,0
DA:73,1
DA:74,0
DA:75,0
DA:76,0
DA:78,0
DA:81,1
DA:83,1
LF:32
LH:10
BRDA:17,0,0,0
BRDA:17,0,1,0
BRDA:26,1,0,0
BRDA:26,1,1,0
BRDA:62,2,0,0
BRDA:62,2,1,0
BRDA:65,3,0,0
BRDA:65,3,1,0
BRDA:75,4,0,0
BRDA:75,4,1,0
BRF:10
BRH:0
end_of_record
TN:
SF:database/models/payments.js
FN:17,(anonymous_0)
FNF:1
FNH:0
FNDA:0,(anonymous_0)
DA:1,1
DA:2,1
DA:3,1
DA:5,1
DA:7,1
DA:18,0
DA:19,0
DA:37,1
DA:39,1
LF:9
LH:7
BRDA:18,0,0,0
BRDA:18,0,1,0
BRF:2
BRH:0
end_of_record
TN:
SF:database/models/students.js
FN:33,(anonymous_0)
FN:66,(anonymous_1)
FN:74,(anonymous_2)
FN:88,(anonymous_3)
FNF:4
FNH:4
FNDA:6,(anonymous_0)
FNDA:3,(anonymous_1)
FNDA:1,(anonymous_2)
FNDA:6,(anonymous_3)
DA:1,1
DA:2,1
DA:3,1
DA:4,1
DA:5,1
DA:7,1
DA:9,1
DA:34,6
DA:35,0
DA:66,1
DA:67,3
DA:68,3
DA:69,3
DA:70,3
DA:71,3
DA:74,1
DA:75,1
DA:76,1
DA:77,1
DA:78,0
DA:79,1
DA:80,1
DA:81,0
DA:82,1
DA:84,0
DA:88,1
DA:89,6
DA:90,6
DA:91,5
DA:93,6
DA:96,1
DA:98,1
LF:32
LH:28
BRDA:34,0,0,0
BRDA:34,0,1,6
BRDA:77,1,0,0
BRDA:77,1,1,1
BRDA:80,2,0,0
BRDA:80,2,1,1
BRDA:90,3,0,5
BRDA:90,3,1,1
BRF:8
BRH:5
end_of_record
TN:
SF:database/models/subjects.js
FN:17,(anonymous_0)
FNF:1
FNH:0
FNDA:0,(anonymous_0)
DA:1,1
DA:3,1
DA:18,0
DA:19,0
DA:36,1
DA:38,1
LF:6
LH:4
BRDA:18,0,0,0
BRDA:18,0,1,0
BRDA:18,1,0,0
BRDA:18,1,1,0
BRF:4
BRH:0
end_of_record
TN:
SF:database/models/subscribers.js
FN:17,(anonymous_0)
FNF:1
FNH:0
FNDA:0,(anonymous_0)
DA:1,1
DA:2,1
DA:3,1
DA:5,1
DA:7,1
DA:18,0
DA:19,0
DA:33,1
DA:35,1
LF:9
LH:7
BRDA:18,0,0,0
BRDA:18,0,1,0
BRF:2
BRH:0
end_of_record
TN:
SF:middleware/auth.js
FN:4,(anonymous_0)
FNF:1
FNH:1
FNDA:2,(anonymous_0)
DA:1,1
DA:2,1
DA:4,1
DA:5,2
DA:6,2
DA:7,2
DA:8,1
DA:9,1
DA:10,0
DA:11,1
DA:12,1
DA:13,1
DA:15,1
DA:19,1
LF:14
LH:13
BRDA:9,0,0,0
BRDA:9,0,1,1
BRF:2
BRH:1
end_of_record
TN:
SF:routes/index.js
FN:5,(anonymous_0)
FNF:1
FNH:0
FNDA:0,(anonymous_0)
DA:1,1
DA:2,1
DA:5,1
DA:6,0
DA:9,1
LF:5
LH:4
BRF:0
BRH:0
end_of_record
TN:
SF:routes/lecturers.js
FN:10,(anonymous_0)
FN:18,(anonymous_1)
FN:35,(anonymous_2)
FN:46,(anonymous_3)
FN:52,(anonymous_4)
FN:55,(anonymous_5)
FN:68,(anonymous_6)
FN:80,(anonymous_7)
FN:92,(anonymous_8)
FN:108,(anonymous_9)
FNF:10
FNH:0
FNDA:0,(anonymous_0)
FNDA:0,(anonymous_1)
FNDA:0,(anonymous_2)
FNDA:0,(anonymous_3)
FNDA:0,(anonymous_4)
FNDA:0,(anonymous_5)
FNDA:0,(anonymous_6)
FNDA:0,(anonymous_7)
FNDA:0,(anonymous_8)
FNDA:0,(anonymous_9)
DA:1,1
DA:2,1
DA:3,1
DA:4,1
DA:6,1
DA:11,0
DA:12,0
DA:13,0
DA:18,1
DA:20,0
DA:21,0
DA:22,0
DA:25,0
DA:26,0
DA:27,0
DA:28,0
DA:30,0
DA:35,1
DA:36,0
DA:37,0
DA:38,0
DA:39,0
DA:41,0
DA:46,1
DA:47,0
DA:48,0
DA:49,0
DA:50,0
DA:51,0
DA:52,0
DA:55,1
DA:56,0
DA:57,0
DA:58,0
DA:59,0
DA:60,0
DA:61,0
DA:63,0
DA:68,1
DA:69,0
DA:70,0
DA:71,0
DA:72,0
DA:73,0
DA:75,0
DA:80,1
DA:81,0
DA:82,0
DA:83,0
DA:84,0
DA:85,0
DA:87,0
DA:92,1
DA:93,0
DA:94,0
DA:99,0
DA:100,0
DA:101,0
DA:103,0
DA:108,1
DA:109,0
DA:110,0
DA:111,0
DA:112,0
DA:113,0
DA:115,0
DA:119,1
LF:67
LH:14
BRDA:11,0,0,0
BRDA:11,0,1,0
BRDA:21,1,0,0
BRDA:21,1,1,0
BRDA:58,2,0,0
BRDA:58,2,1,0
BRDA:58,3,0,0
BRDA:58,3,1,0
BRDA:71,4,0,0
BRDA:71,4,1,0
BRDA:83,5,0,0
BRDA:83,5,1,0
BRDA:99,6,0,0
BRDA:99,6,1,0
BRDA:111,7,0,0
BRDA:111,7,1,0
BRF:16
BRH:0
end_of_record
TN:
SF:routes/payments.js
FN:7,(anonymous_0)
FNF:1
FNH:0
FNDA:0,(anonymous_0)
DA:1,1
DA:2,1
DA:4,1
DA:7,1
DA:8,0
DA:10,0
DA:11,0
DA:12,0
DA:14,0
DA:18,1
LF:10
LH:5
BRF:0
BRH:0
end_of_record
TN:
SF:routes/pdfGenerator.js
FN:8,(anonymous_0)
FN:18,(anonymous_1)
FNF:2
FNH:0
FNDA:0,(anonymous_0)
FNDA:0,(anonymous_1)
DA:1,1
DA:2,1
DA:3,1
DA:5,1
DA:8,1
DA:10,0
DA:11,0
DA:12,0
DA:13,0
DA:14,0
DA:18,1
DA:19,0
DA:20,0
DA:21,0
DA:22,0
DA:23,0
DA:25,0
DA:26,0
DA:27,0
DA:30,1
LF:20
LH:7
BRDA:11,0,0,0
BRDA:11,0,1,0
BRDA:25,1,0,0
BRDA:25,1,1,0
BRF:4
BRH:0
end_of_record
TN:
SF:routes/qrGenerator.js
FN:6,(anonymous_0)
FN:9,(anonymous_1)
FN:17,(anonymous_2)
FNF:3
FNH:0
FNDA:0,(anonymous_0)
FNDA:0,(anonymous_1)
FNDA:0,(anonymous_2)
DA:1,1
DA:2,1
DA:3,1
DA:6,1
DA:7,0
DA:8,0
DA:10,0
DA:11,0
DA:12,0
DA:14,0
DA:18,0
DA:19,0
DA:20,0
DA:24,1
LF:14
LH:5
BRDA:10,0,0,0
BRDA:10,0,1,0
BRDA:18,1,0,0
BRDA:18,1,1,0
BRF:4
BRH:0
end_of_record
TN:
SF:routes/smsGenerator.js
FN:10,(anonymous_0)
FN:15,(anonymous_1)
FNF:2
FNH:0
FNDA:0,(anonymous_0)
FNDA:0,(anonymous_1)
DA:1,1
DA:2,1
DA:3,1
DA:5,1
DA:10,1
DA:11,0
DA:12,0
DA:13,0
DA:15,0
DA:16,0
DA:17,0
DA:18,0
DA:24,1
LF:13
LH:6
BRDA:16,0,0,0
BRDA:16,0,1,0
BRF:2
BRH:0
end_of_record
TN:
SF:routes/students.js
FN:11,(anonymous_0)
FN:19,(anonymous_1)
FN:36,(anonymous_2)
FN:47,(anonymous_3)
FN:53,(anonymous_4)
FN:56,(anonymous_5)
FN:69,(anonymous_6)
FN:81,(anonymous_7)
FN:94,(anonymous_8)
FN:96,(anonymous_9)
FN:105,(anonymous_10)
FN:121,(anonymous_11)
FNF:12
FNH:6
FNDA:0,(anonymous_0)
FNDA:1,(anonymous_1)
FNDA:1,(anonymous_2)
FNDA:0,(anonymous_3)
FNDA:0,(anonymous_4)
FNDA:0,(anonymous_5)
FNDA:1,(anonymous_6)
FNDA:1,(anonymous_7)
FNDA:0,(anonymous_8)
FNDA:0,(anonymous_9)
FNDA:1,(anonymous_10)
FNDA:1,(anonymous_11)
DA:1,1
DA:2,1
DA:3,1
DA:4,1
DA:5,1
DA:7,1
DA:12,0
DA:13,0
DA:14,0
DA:19,1
DA:21,1
DA:22,1
DA:23,0
DA:26,1
DA:27,1
DA:28,1
DA:29,1
DA:31,0
DA:36,1
DA:37,1
DA:38,1
DA:39,1
DA:40,1
DA:42,0
DA:47,1
DA:48,0
DA:49,0
DA:50,0
DA:51,0
DA:52,0
DA:53,0
DA:56,1
DA:57,0
DA:58,0
DA:59,0
DA:60,0
DA:61,0
DA:62,0
DA:64,0
DA:69,1
DA:70,1
DA:71,1
DA:72,1
DA:73,0
DA:74,1
DA:76,0
DA:81,1
DA:82,1
DA:84,1
DA:85,1
DA:86,0
DA:87,1
DA:89,0
DA:94,1
DA:95,0
DA:96,0
DA:97,0
DA:98,0
DA:100,0
DA:105,1
DA:106,1
DA:107,1
DA:112,1
DA:113,0
DA:114,1
DA:116,0
DA:121,1
DA:122,1
DA:123,1
DA:124,1
DA:125,0
DA:126,1
DA:128,0
DA:132,1
LF:74
LH:42
BRDA:12,0,0,0
BRDA:12,0,1,0
BRDA:22,1,0,0
BRDA:22,1,1,1
BRDA:59,2,0,0
BRDA:59,2,1,0
BRDA:59,3,0,0
BRDA:59,3,1,0
BRDA:72,4,0,0
BRDA:72,4,1,1
BRDA:85,5,0,0
BRDA:85,5,1,1
BRDA:112,6,0,0
BRDA:112,6,1,1
BRDA:124,7,0,0
BRDA:124,7,1,1
BRF:16
BRH:5
end_of_record
TN:
SF:routes/subjects.js
FN:6,(anonymous_0)
FN:23,(anonymous_1)
FN:40,(anonymous_2)
FN:52,(anonymous_3)
FN:68,(anonymous_4)
FNF:5
FNH:0
FNDA:0,(anonymous_0)
FNDA:0,(anonymous_1)
FNDA:0,(anonymous_2)
FNDA:0,(anonymous_3)
FNDA:0,(anonymous_4)
DA:1,1
DA:2,1
DA:3,1
DA:6,1
DA:8,0
DA:9,0
DA:10,0
DA:13,0
DA:14,0
DA:15,0
DA:16,0
DA:18,0
DA:23,1
DA:24,0
DA:25,0
DA:26,0
DA:27,0
DA:29,0
DA:31,0
DA:32,0
DA:33,0
DA:35,0
DA:40,1
DA:41,0
DA:42,0
DA:43,0
DA:44,0
DA:45,0
DA:47,0
DA:52,1
DA:53,0
DA:54,0
DA:59,0
DA:60,0
DA:61,0
DA:63,0
DA:68,1
DA:69,0
DA:70,0
DA:71,0
DA:72,0
DA:73,0
DA:75,0
DA:79,1
LF:44
LH:9
BRDA:9,0,0,0
BRDA:9,0,1,0
BRDA:26,1,0,0
BRDA:26,1,1,0
BRDA:31,2,0,0
BRDA:31,2,1,0
BRDA:43,3,0,0
BRDA:43,3,1,0
BRDA:59,4,0,0
BRDA:59,4,1,0
BRDA:71,5,0,0
BRDA:71,5,1,0
BRF:12
BRH:0
end_of_record
TN:
SF:routes/subscribers.js
FN:7,(anonymous_0)
FNF:1
FNH:0
FNDA:0,(anonymous_0)
DA:1,1
DA:2,1
DA:4,1
DA:7,1
DA:8,0
DA:10,0
DA:11,0
DA:12,0
DA:14,0
DA:18,1
LF:10
LH:5
BRF:0
BRH:0
end_of_record
